commit 9af96ea1ceb64ed3b8d599c99b9dc63583b29a67
Author: FrancoBonanomi <franbonanomi@gmail.com>
Date:   Tue Jul 18 21:59:23 2023 -0300

    v1.0.2

commit eaab5fe0447511fff6e3250fef03ff01180fe515
Author: FrancoBonanomi <franbonanomi@gmail.com>
Date:   Tue Jul 18 21:58:03 2023 -0300

    agrego nuevos archivos .log

commit 5100119db6bd579b4238ccc3a1520fb070b3f2fb
Author: FrancoBonanomi <franbonanomi@gmail.com>
Date:   Tue Jul 18 21:42:45 2023 -0300

    v1.0.1

commit a7519efac3a48a20e7599f7cf0201851f304f067
Author: FrancoBonanomi <franbonanomi@gmail.com>
Date:   Tue Jul 18 21:36:56 2023 -0300

    agrego otro archivo .log

commit 6a3f22dd2a29d8ced321c3432e01ce020c3eb4a9
Merge: 4d8844c 76fb101
Author: FrancoBonanomi <franbonanomi@gmail.com>
Date:   Tue Jul 18 21:10:23 2023 -0300

    version 1.0.0

commit 4d8844cca23e921d0f7ce1ac4dc88705ff5f7d8c
Author: FrancoBonanomi <franbonanomi@gmail.com>
Date:   Tue Jul 18 21:07:51 2023 -0300

    v 1.0.0

commit 76fb1012705c47d53f9fc908e94744c1959e1080
Author: FrancoBonanomi <franbonanomi@gmail.com>
Date:   Tue Jul 18 20:53:15 2023 -0300

    v1.0.1

commit ce0b4dfc3eabdc63379726ce6d4a49f082cd743e
Author: FrancoBonanomi <franbonanomi@gmail.com>
Date:   Tue Jul 18 20:42:42 2023 -0300

    v1.0.0

commit 93d490bdea695028a0641edbab5865d0ceb5cce9
Author: FrancoBonanomi <franbonanomi@gmail.com>
Date:   Tue Jul 18 19:20:09 2023 -0300

    agregando archivos .log

commit c310dbd6dc0e900402a86a335ded1eda35e4eae5
Author: FrancoBonanomi <franbonanomi@gmail.com>
Date:   Tue Jul 18 15:05:07 2023 -0300

    agregando 2 parrafos

commit df8b42f20a6e6192bb0fffa45c276f877981f453
Merge: 19d0857 8db66f7
Author: FrancoBonanomi <franbonanomi@gmail.com>
Date:   Tue Jul 18 14:44:46 2023 -0300

    agregando a bolivia

commit 19d0857f4700c5b80bfdf6aed665fecb315d1746
Merge: 3bdc62f 7455080
Author: FrancoBonanomi <franbonanomi@gmail.com>
Date:   Tue Jul 18 14:38:11 2023 -0300

    agregando nuevos paises

commit 8db66f7201620174ea9307cb9cd2dcb6881cc491
Merge: 3bdc62f 7455080
Author: FrancoBonanomi <franbonanomi@gmail.com>
Date:   Tue Jul 18 14:38:11 2023 -0300

    solucionando inconvenientes al agregar los paises

commit 3bdc62f822ecfe2c94660409d7867c91ed94dd34
Merge: 50c6a65 3120ae2
Author: FrancoBonanomi <franbonanomi@gmail.com>
Date:   Tue Jul 18 14:28:19 2023 -0300

    agregando el pais al que le corresponden las fechas de inicio de cada estacion

commit 74550807668306c85c34d8a31d67fca24c2a17dc
Merge: 50c6a65 3120ae2
Author: FrancoBonanomi <franbonanomi@gmail.com>
Date:   Tue Jul 18 14:28:19 2023 -0300

    resolviendo conflicto en estaciones del año y fechas de inicio

commit 50c6a65451e5519033be4c16444683cd830a9f89
Author: FrancoBonanomi <franbonanomi@gmail.com>
Date:   Tue Jul 18 13:53:55 2023 -0300

    agregando las estaciones del año con las fechas de inicio

commit 3120ae28a1a78c485973c82d3570ef9e898522ca
Author: FrancoBonanomi <franbonanomi@gmail.com>
Date:   Tue Jul 18 13:53:55 2023 -0300

    agregando estaciones del año

commit 0d03d171769b924b44b0799536e8d1be4e801820
Merge: 65e1ffe ce37b8b
Author: FrancoBonanomi <franbonanomi@gmail.com>
Date:   Tue Jul 18 13:39:33 2023 -0300

    resolviendo conflicto merge main html en el documento index.html

commit ce37b8b50965ce52b806d0cd73df5c7e0003c89a
Author: FrancoBonanomi <franbonanomi@gmail.com>
Date:   Tue Jul 18 13:28:40 2023 -0300

    agregando index.js al index.html

commit 65e1ffe1eb3453f5bbaad3e9ac2a0f8ef5a206a3
Author: FrancoBonanomi <franbonanomi@gmail.com>
Date:   Tue Jul 18 13:23:37 2023 -0300

    agregando style.css al index.html

commit 3c7b831c728cef9622abb5140587b0dc6c97cb1d
Author: FrancoBonanomi <franbonanomi@gmail.com>
Date:   Tue Jul 18 00:35:13 2023 -0300

    agrego archivo index.html

commit bbcb49faf13c15eaa7911ac8fa7ba770f4e01cba
Author: FrancoBonanomi <franbonanomi@gmail.com>
Date:   Tue Jul 18 00:22:44 2023 -0300

    elimino el archivo index2.html de prueba

commit 550b8ce75add321a039aba64c4a6906066b387cb
Author: FrancoBonanomi <franbonanomi@gmail.com>
Date:   Tue Jul 18 00:20:43 2023 -0300

    agrego segundo archivo index.html de prueba

commit 8d3a2df90001f1e0323c4b22886d47b47061bac7
Merge: ee7ee0c bba2dfc
Author: FrancoBonanomi <franbonanomi@gmail.com>
Date:   Tue Jul 18 00:16:39 2023 -0300

    Merge branch 'js'

commit bba2dfcc74716bcf2821b55fb4921e16e59d88ef
Author: FrancoBonanomi <franbonanomi@gmail.com>
Date:   Mon Jul 17 22:52:32 2023 -0300

    creando index.js

commit ee7ee0cafc25eb95a747e3999124abee2c190c14
Author: FrancoBonanomi <franbonanomi@gmail.com>
Date:   Mon Jul 17 22:43:19 2023 -0300

    creando style.css

commit 7673d83088b9a0f626af19b3af970320c6b87f81
Author: FrancoBonanomi <franbonanomi@gmail.com>
Date:   Mon Jul 17 21:52:35 2023 -0300

    Creando archivo index.html

commit 9d0efedbc32b3dc41f5c9aa1942356892d285f49
Author: FrancoBonanomi <franbonanomi@gmail.com>
Date:   Mon Jul 17 21:25:01 2023 -0300

    ignorando archivos .exe

commit 9630ec3a3a045175ef0450de86c0e756f2ef7011
Author: FrancoBonanomi <franbonanomi@gmail.com>
Date:   Mon Jul 17 20:39:35 2023 -0300

    elimino licencia innecesaria del proyecto

commit a0c512eb63099a5195f386c57cca69e3e0cb6eb6
Author: Franco Bonanomi <99214884+FrancoBonanomi@users.noreply.github.com>
Date:   Mon Jul 17 20:37:47 2023 -0300

    agrego licencia al proyecto

commit 43bfb02a1835f5a7859577e29fe8cecad8d80988
Author: Franco Bonanomi <99214884+FrancoBonanomi@users.noreply.github.com>
Date:   Mon Jul 17 20:33:27 2023 -0300

    agrego licencia al proyecto

commit c8f60e8bba4a5405446e6cc7a11f9b436790a28f
Author: FrancoBonanomi <franbonanomi@gmail.com>
Date:   Mon Jul 17 20:18:17 2023 -0300

    elimino licencia innecesaria

commit 1f6b1ae56a801a89bc84d2d5dd672fb633f30edc
Author: Franco Bonanomi <99214884+FrancoBonanomi@users.noreply.github.com>
Date:   Mon Jul 17 20:06:10 2023 -0300

    Create LICENSE
    
    creando licencia del repositorio

commit da528fe4eaaadd36635f1648341e9e87a711f046
Author: Franco Bonanomi <99214884+FrancoBonanomi@users.noreply.github.com>
Date:   Mon Jul 17 19:59:15 2023 -0300

    Create license.txt

commit a5fe0cd9b8c6e89b79409aec9e7754c3908c4e87
Author: FrancoBonanomi <franbonanomi@gmail.com>
Date:   Mon Jul 17 19:50:21 2023 -0300

    agregando mas contenido al readme

commit d0481f5e5da784b997e4463ee94fea52225ba98b
Author: FrancoBonanomi <franbonanomi@gmail.com>
Date:   Mon Jul 17 17:38:43 2023 -0300

    agregando contenido inicial al readme

commit 36edc5f9c680519417422035d55f86859b7163f8
Author: FrancoBonanomi <franbonanomi@gmail.com>
Date:   Mon Jul 17 17:29:14 2023 -0300

    Primer commit
